acl						install
acpi						install
acpi-support-base				install
acpid						install
acroread					install
acroread-data					install
acroread-debian-files				install
acroread-dictionary-en				install
acroread-escript				install
acroread-l10n-en				install
adduser						install
adobeair					install
alsa-base					install
alsa-utils					install
anacron						install
angband						install
angband-data					install
apt						install
apt-listchanges					install
apt-utils					install
aptitude					install
aptitude-common					install
arj						install
aspell						install
aspell-en					install
at						install
avahi-daemon					install
base-files					install
base-passwd					install
bash						install
bash-completion					install
bb						install
bc						install
bind9-host					install
binfmt-support					install
binutils					install
bit.trip.runner					install
bsd-mailx					install
bsdgames					install
bsdmainutils					install
bsdutils					install
build-essential					install
busybox						install
bzip2						install
ca-certificates					install
ca-certificates-java				install
caca-utils					install
cifs-utils					install
cmatrix						install
colord						install
com.adobe.amp.4875e02d9fb21ee389f73b8d1702b320485df8ce.1	install
console-setup					install
console-setup-linux				install
consolekit					install
coreutils					install
cpio						install
cpp						install
cpp-4.7						install
cron						install
cryptsetup-bin					install
cups-bsd					install
cups-client					install
cups-common					install
curl						install
dash						install
db5.1-util					install
dbus						install
dbus-x11					install
dc						install
dconf-gsettings-backend:i386			install
dconf-service					install
debconf						install
debconf-i18n					install
debian-archive-keyring				install
debian-faq					install
debianutils					install
default-jre					install
default-jre-headless				install
desktop-base					install
desktop-file-utils				install
dictionaries-common				install
diffutils					install
discover					install
discover-data					install
dmidecode					install
dmsetup						install
dnsutils					install
doc-debian					install
docbook-xml					install
docbook-xsl					install
dosfstools					install
dpkg						install
dpkg-dev					install
e2fslibs:i386					install
e2fsprogs					install
eclipse-platform				deinstall
ed						install
eject						install
enchant						install
espeak						install
espeak-data:i386				install
evince						install
evince-common					install
exim4						install
exim4-base					install
exim4-config					install
exim4-daemon-light				install
ezdrm.air.player				install
fakeroot					install
feh						install
file						install
findutils					install
firmware-ipw2x00				install
flashplugin-nonfree				install
flvstreamer					install
fontconfig					install
fontconfig-config				install
fonts-droid					install
fonts-freefont-ttf				install
fonts-opensymbol				install
fonts-sil-gentium-basic				install
fonts-vlgothic					install
freesweep					install
ftp						install
fuse						install
g++						install
g++-4.7						install
galculator					install
gcc						install
gcc-4.7						install
gcc-4.7-base:i386				install
gconf-service					install
gconf2						install
gconf2-common					install
gcr						install
geoip-database					install
gettext-base					install
ghostscript					install
giblib1:i386					install
gir1.2-glib-2.0					install
git						install
git-man						install
gksu						install
glib-networking:i386				install
glib-networking-common				install
glib-networking-services			install
gnome-accessibility-themes			install
gnome-icon-theme				install
gnome-keyring					install
gnome-mime-data					install
gnome-themes-standard				install
gnome-themes-standard-data			install
gnupg						install
gnupg-agent					install
gpgv						install
gpicview					install
greed						install
grep						install
groff-base					install
grub-common					install
grub-pc						install
grub-pc-bin					install
grub2-common					install
gsettings-desktop-schemas			install
gsfonts						install
gsfonts-x11					install
gtk2-engines:i386				install
gvfs:i386					install
gvfs-backends					install
gvfs-common					install
gvfs-daemons					install
gvfs-fuse					install
gvfs-libs:i386					install
gwenview					install
gzip						install
hicolor-icon-theme				install
host						install
hostname					install
hunspell-en-us					install
hyphen-en-us					install
i3						install
i3-wm						install
i3lock						install
i3status					install
icedtea-7-jre-jamvm:i386			install
iceweasel					install
iceweasel-l10n-fr				install
ifupdown					install
info						install
initramfs-tools					install
initscripts					install
insserv						install
install-info					install
installation-report				install
iproute						install
iptables					install
iputils-ping					install
isaac						install
isc-dhcp-client					install
isc-dhcp-common					install
iso-codes					install
java-common					install
kamera						install
kate-data					install
katepart					install
kbd						install
kde-runtime					install
kde-runtime-data				install
kdebase-runtime					install
kdelibs-bin					install
kdelibs5-data					install
kdelibs5-plugins				install
kdoctools					install
keyboard-configuration				install
keyutils					install
klibc-utils					install
kmod						install
krb5-locales					install
kwalletcli					install
laptop-detect					install
latex-beamer					install
latex-xcolor					install
leafpad						install
less						install
lesstif2:i386					install
liba52-0.7.4					install
libaa1:i386					install
libacl1:i386					install
libalgorithm-diff-perl				install
libalgorithm-diff-xs-perl			install
libalgorithm-merge-perl				install
libapache-pom-java				install
libapt-inst1.5:i386				install
libapt-pkg4.12:i386				install
libarchive12:i386				install
libart-2.0-2:i386				install
libasound2:i386					install
libaspell15					install
libasprintf0c2:i386				install
libass4:i386					install
libassuan0:i386					install
libasyncns0:i386				install
libatasmart4:i386				install
libatk-wrapper-java				install
libatk-wrapper-java-jni:i386			install
libatk1.0-0:i386				install
libatk1.0-data					install
libattica0					install
libattr1:i386					install
libaudio2:i386					install
libaudit0					install
libavahi-client3:i386				install
libavahi-common-data:i386			install
libavahi-common3:i386				install
libavahi-core7:i386				install
libavahi-glib1:i386				install
libavc1394-0:i386				install
libavcodec53:i386				install
libavformat53:i386				install
libavutil51:i386				install
libbind9-80					install
libblas3					install
libblkid1:i386					install
libbluetooth3:i386				install
libbluray1:i386					install
libbonobo2-0					install
libbonobo2-common				install
libbonoboui2-0					install
libbonoboui2-common				install
libboost-iostreams1.49.0			install
libbsd0:i386					install
libbz2-1.0:i386					install
libc-bin					install
libc-dev-bin					install
libc6:i386					install
libc6-dev:i386					install
libc6-i686:i386					install
libcaca0:i386					install
libcairo-gobject2:i386				install
libcairo2:i386					install
libcanberra0:i386				install
libcap-ng0					install
libcap2:i386					install
libcap2-bin					install
libcddb2					install
libcdio-cdda1					install
libcdio-paranoia1				install
libcdio13					install
libck-connector0:i386				install
libclass-isa-perl				install
libclucene0ldbl					install
libcmis-0.2-0					install
libcolamd2.7.1					install
libcolord1:i386					install
libcomerr2:i386					install
libcommons-logging-java				install
libcommons-parent-java				install
libconfuse-common				install
libconfuse0:i386				install
libcroco3:i386					install
libcryptsetup4					install
libcrystalhd3:i386				install
libcups2:i386					install
libcupsimage2:i386				install
libcurl3:i386					install
libcurl3-gnutls:i386				install
libcwidget3					install
libdaemon0					install
libdatrie1:i386					install
libdb5.1:i386					install
libdbus-1-3:i386				install
libdbus-glib-1-2:i386				install
libdbusmenu-qt2					install
libdc1394-22:i386				install
libdca0						install
libdconf0:i386					install
libdevmapper-event1.02.1:i386			install
libdevmapper1.02.1:i386				install
libdirac-decoder0:i386				install
libdirac-encoder0:i386				install
libdirectfb-1.2-9:i386				install
libdiscover2					install
libdjvulibre-text				install
libdjvulibre21					install
libdlrestrictions1				install
libdns88					install
libdpkg-perl					install
libdrm-intel1:i386				install
libdrm-nouveau1a:i386				install
libdrm-radeon1:i386				install
libdrm2:i386					install
libdvbpsi7					install
libdvdnav4					install
libdvdread4					install
libebml3:i386					install
libedit2:i386					install
libelf1						install
libenca0					install
libenchant1c2a					install
libencode-locale-perl				install
libept1.4.12					install
liberror-perl					install
libespeak1:i386					install
libev4						install
libevdocument3-4				install
libevent-2.0-5:i386				install
libevview3-3					install
libexif12:i386					install
libexiv2-12					install
libexpat1:i386					install
libexttextcat-data				install
libexttextcat0					install
libfaad2:i386					install
libfam0						install
libffi5:i386					install
libfile-copy-recursive-perl			install
libfile-fcntllock-perl				install
libfile-listing-perl				install
libflac8:i386					install
libfm-data					install
libfm-gtk-bin					install
libfm-gtk1					install
libfm1						install
libfontconfig1:i386				install
libfontenc1:i386				install
libfreetype6:i386				install
libfribidi0:i386				install
libfs6:i386					install
libfuse2:i386					install
libgail-3-0:i386				install
libgail18:i386					install
libgc1c2					install
libgcc1:i386					install
libgck-1-0					install
libgconf-2-4:i386				install
libgconf2-4:i386				install
libgcr-3-1					install
libgcr-3-common					install
libgcrypt11:i386				install
libgd2-xpm:i386					install
libgdbm3:i386					install
libgdk-pixbuf2.0-0:i386				install
libgdk-pixbuf2.0-common				install
libgdu0						install
libgeoip1					install
libgfortran3:i386				install
libgif4						install
libgimp2.0					install
libgirepository-1.0-1				install
libgksu2-0					install
libgl1-mesa-dri:i386				install
libgl1-mesa-glx:i386				install
libglade2-0					install
libglapi-mesa:i386				install
libglib2.0-0:i386				install
libglib2.0-data					install
libglu1-mesa:i386				install
libgmp10:i386					install
libgnome-bluetooth10				install
libgnome-keyring-common				install
libgnome-keyring0:i386				install
libgnome2-0					install
libgnome2-common				install
libgnomecanvas2-0				install
libgnomecanvas2-common				install
libgnomeui-0					install
libgnomeui-common				install
libgnomevfs2-0					install
libgnomevfs2-common				install
libgnutls26:i386				install
libgomp1:i386					install
libgpg-error0:i386				install
libgpgme11					install
libgphoto2-2:i386				install
libgphoto2-port0:i386				install
libgpm-dev:i386					install
libgpm2:i386					install
libgraphite2-2.0.0				install
libgraphite3					install
libgs9						install
libgs9-common					install
libgsm1:i386					install
libgssapi-krb5-2:i386				install
libgssglue1:i386				install
libgstreamer-plugins-base0.10-0:i386		install
libgstreamer0.10-0:i386				install
libgtk-3-0:i386					install
libgtk-3-bin					install
libgtk-3-common					install
libgtk2.0-0:i386				install
libgtk2.0-bin					install
libgtk2.0-common				install
libgtop2-7					install
libgtop2-common					install
libgudev-1.0-0:i386				install
libgusb2					install
libgxps2:i386					install
libhsqldb-java					install
libhtml-parser-perl				install
libhtml-tagset-perl				install
libhtml-tree-perl				install
libhttp-cookies-perl				install
libhttp-date-perl				install
libhttp-message-perl				install
libhttp-negotiate-perl				install
libhunspell-1.3-0:i386				install
libhyphen0					install
libice-dev:i386					install
libice6:i386					install
libicu48:i386					install
libid3tag0					install
libidl0						install
libidn11:i386					install
libieee1284-3:i386				install
libijs-0.35					install
libilmbase6					install
libimlib2					install
libimobiledevice2				install
libio-socket-ssl-perl				install
libiodbc2					install
libisc84					install
libisccc80					install
libisccfg82					install
libiso9660-8					install
libitm1:i386					install
libiw30:i386					install
libjack-jackd2-0:i386				install
libjasper1:i386					install
libjaxp1.3-java					install
libjbig0:i386					install
libjbig2dec0					install
libjpeg-progs					install
libjpeg8:i386					install
libjson0:i386					install
libk5crypto3:i386				install
libkate1					install
libkatepartinterfaces4				install
libkcmutils4					install
libkde3support4					install
libkdeclarative5				install
libkdecore5					install
libkdesu5					install
libkdeui5					install
libkdewebkit5					install
libkdnssd4					install
libkemoticons4					install
libkeyutils1:i386				install
libkfile4					install
libkhtml5					install
libkidletime4					install
libkio5						install
libkipi-data					install
libkipi8					install
libkjsapi4					install
libkjsembed4					install
libklibc					install
libkmediaplayer4				install
libkmod2:i386					install
libknewstuff3-4					install
libknotifyconfig4				install
libkntlm4					install
libkonq-common					install
libkonq5-templates				install
libkonq5abi1					install
libkparts4					install
libkpathsea6					install
libkpty4					install
libkrb5-3:i386					install
libkrb5support0:i386				install
libkrosscore4					install
libktexteditor4					install
liblapack3					install
liblcms1:i386					install
liblcms2-2:i386					install
libldap-2.4-2:i386				install
liblightdm-gobject-1-0				install
liblircclient0					install
liblocale-gettext-perl				install
liblockfile-bin					install
liblockfile1:i386				install
libltdl7:i386					install
liblua5.1-0:i386				install
liblucene2-java					install
liblvm2app2.2:i386				install
liblwp-mediatypes-perl				install
liblwp-protocol-https-perl			install
liblwres80					install
liblzma5:i386					install
libmad0						install
libmagic1:i386					install
libmatroska5:i386				install
libmenu-cache1					install
libmhash2					install
libmikmod2:i386					install
libmng1:i386					install
libmodplug1					install
libmount1					install
libmozjs17d					deinstall
libmozjs24d					deinstall
libmp3lame0:i386				install
libmpc2:i386					install
libmpcdec6:i386					install
libmpeg2-4					install
libmpfr4:i386					install
libmtdev1:i386					install
libmtp-common					install
libmtp-runtime					install
libmtp9:i386					install
libmysqlclient18:i386				install
libmythes-1.2-0					install
libnautilus-extension1a				install
libncurses5:i386				install
libncurses5-dev					install
libncursesw5:i386				install
libneon27-gnutls				install
libnepomuk4					install
libnepomukquery4a				install
libnepomukutils4				install
libnet-http-perl				install
libnet-ssleay-perl				install
libnettle4:i386					install
libnewt0.52					install
libnfnetlink0					install
libnfsidmap2:i386				install
libnl-3-200:i386				install
libnl-genl-3-200:i386				install
libnl-route-3-200:i386				install
libnm-glib-vpn1					install
libnm-glib4					install
libnm-gtk-common				install
libnm-gtk0					install
libnm-util2					install
libnotify4:i386					install
libnspr4:i386					install
libnss-mdns					install
libnss-winbind:i386				install
libnss3:i386					install
libnss3-1d:i386					install
libntrack-qt4-1					install
libntrack0					install
libobrender27					install
libobt0						install
libogg0:i386					install
libopenexr6					install
libopenjpeg2:i386				install
liborbit2					install
liborc-0.4-0:i386				install
libp11-kit0:i386				install
libpam-cap:i386					install
libpam-ck-connector:i386			install
libpam-gnome-keyring				install
libpam-modules:i386				install
libpam-modules-bin				install
libpam-runtime					install
libpam-winbind:i386				install
libpam0g:i386					install
libpango1.0-0:i386				install
libpaper-utils					install
libpaper1:i386					install
libparted0debian1:i386				install
libpcap0.8:i386					install
libpci3:i386					install
libpciaccess0:i386				install
libpcre3:i386					install
libpcsclite1:i386				install
libperl5.14					install
libphonon4:i386					install
libpipeline1:i386				install
libpixman-1-0:i386				install
libplasma3					install
libplist1					install
libpng12-0:i386					install
libpolkit-agent-1-0:i386			install
libpolkit-backend-1-0:i386			install
libpolkit-gobject-1-0:i386			install
libpolkit-qt-1-1				install
libpoppler-glib8:i386				install
libpoppler19:i386				install
libpopt0:i386					install
libportaudio2:i386				install
libpostproc52:i386				install
libprocps0:i386					install
libproxy0:i386					install
libptexenc1					install
libpth20					install
libpthread-stubs0:i386				install
libpthread-stubs0-dev:i386			install
libpulse-mainloop-glib0:i386			install
libpulse0:i386					install
libqca2:i386					install
libqt4-dbus:i386				install
libqt4-declarative:i386				install
libqt4-designer:i386				install
libqt4-network:i386				install
libqt4-opengl:i386				install
libqt4-qt3support:i386				install
libqt4-script:i386				install
libqt4-sql:i386					install
libqt4-sql-mysql:i386				install
libqt4-svg:i386					install
libqt4-xml:i386					install
libqt4-xmlpatterns:i386				install
libqtcore4:i386					install
libqtdbus4:i386					install
libqtgui4:i386					install
libqtwebkit4:i386				install
libquadmath0:i386				install
libraptor2-0					install
librasqal3					install
libraw1394-11:i386				install
librdf0						install
libreadline5:i386				install
libreadline6:i386				install
libreoffice					install
libreoffice-base				install
libreoffice-base-core				install
libreoffice-calc				install
libreoffice-common				install
libreoffice-core				install
libreoffice-draw				install
libreoffice-filter-mobiledev			install
libreoffice-gtk					install
libreoffice-help-en-us				install
libreoffice-impress				install
libreoffice-java-common				install
libreoffice-math				install
libreoffice-report-builder-bin			install
libreoffice-style-galaxy			install
libreoffice-writer				install
libresid-builder0c2a				install
librpm3						install
librpmbuild3					install
librpmio3					install
librpmsign1					install
librsvg2-2:i386					install
librsvg2-common:i386				install
librtmp0:i386					install
libruby1.9.1					install
libsamplerate0:i386				install
libsane:i386					install
libsane-common					install
libsasl2-2:i386					install
libsasl2-modules:i386				install
libschroedinger-1.0-0:i386			install
libsdl-image1.2:i386				install
libsdl-mixer1.2:i386				install
libsdl-ttf2.0-0:i386				install
libsdl1.2debian:i386				install
libselinux1:i386				install
libsemanage-common				install
libsemanage1:i386				install
libsepol1:i386					install
libservlet2.5-java				install
libsgutils2-2					install
libshhmsg1					install
libshhopt1					install
libshout3:i386					install
libsidplay1					install
libsidplay2					install
libsigc++-2.0-0c2a:i386				install
libslang2:i386					install
libsm-dev:i386					install
libsm6:i386					install
libsmbclient:i386				install
libsndfile1:i386				install
libsolid4					install
libsonic0:i386					install
libsoprano4					install
libsoup-gnome2.4-1:i386				install
libsoup2.4-1:i386				install
libspectre1:i386				install
libspeex1:i386					install
libspeexdsp1:i386				install
libsqlite3-0:i386				install
libss2:i386					install
libssh-4:i386					install
libssh2-1:i386					install
libssl1.0.0:i386				install
libstartup-notification0			install
libstdc++6:i386					install
libstdc++6-4.7-dev				install
libstlport4.6ldbl				install
libstreamanalyzer0				install
libstreams0					install
libswitch-perl					install
libswscale2:i386				install
libsystemd-login0:i386				install
libt1-5						install
libtag1-vanilla:i386				install
libtag1c2a:i386					install
libtalloc2:i386					install
libtar0						install
libtasn1-3:i386					install
libtdb1:i386					install
libtext-charwidth-perl				install
libtext-iconv-perl				install
libtext-wrapi18n-perl				install
libthai-data					install
libthai0:i386					install
libtheora0:i386					install
libthreadweaver4				install
libtiff4:i386					install
libtimedate-perl				install
libtinfo-dev:i386				install
libtinfo5:i386					install
libtirpc1:i386					install
libtokyocabinet9:i386				install
libts-0.0-0:i386				install
libtwolame0					install
libudev0:i386					install
libupnp6					install
libupower-glib1					install
liburi-perl					install
libusb-0.1-4:i386				install
libusb-1.0-0:i386				install
libusbmuxd1					install
libustr-1.0-1:i386				install
libutempter0					install
libuuid-perl					install
libuuid1:i386					install
libv4l-0:i386					install
libv4lconvert0:i386				install
libva-x11-1:i386				install
libva1:i386					install
libvcdinfo0					install
libvirtodbc0					install
libvisio-0.0-0					install
libvlc5						install
libvlccore5					install
libvorbis0a:i386				install
libvorbisenc2:i386				install
libvorbisfile3:i386				install
libvpx1:i386					install
libvte-common					install
libvte9						install
libwbclient0:i386				install
libwebp2:i386					install
libwnck-common					install
libwnck22					install
libwpd-0.9-9					install
libwpg-0.2-2					install
libwps-0.2-2					install
libwrap0:i386					install
libwww-perl					install
libwww-robotrules-perl				install
libx11-6:i386					install
libx11-data					install
libx11-dev:i386					install
libx11-doc					install
libx11-xcb1:i386				install
libx264-123:i386				install
libxalan2-java					install
libxapian22					install
libxau-dev:i386					install
libxau6:i386					install
libxaw7:i386					install
libxcb-composite0:i386				install
libxcb-dpms0:i386				install
libxcb-dri2-0:i386				install
libxcb-glx0:i386				install
libxcb-icccm4:i386				install
libxcb-image0:i386				install
libxcb-keysyms1:i386				install
libxcb-randr0:i386				install
libxcb-render0:i386				install
libxcb-shape0:i386				install
libxcb-shm0:i386				install
libxcb-util0:i386				install
libxcb-xfixes0:i386				install
libxcb-xinerama0:i386				install
libxcb-xv0:i386					install
libxcb1:i386					install
libxcb1-dev:i386				install
libxcomposite1:i386				install
libxcursor1:i386				install
libxdamage1:i386				install
libxdmcp-dev:i386				install
libxdmcp6:i386					install
libxerces2-java					install
libxext6:i386					install
libxfixes3:i386					install
libxfont1					install
libxft2:i386					install
libxi6:i386					install
libxinerama1:i386				install
libxkbfile1:i386				install
libxklavier16					install
libxml-commons-external-java			install
libxml-commons-resolver1.1-java			install
libxml2:i386					install
libxml2-utils					install
libxmmsclient-glib1				install
libxmmsclient6					install
libxmu6:i386					install
libxmuu1:i386					install
libxp6:i386					install
libxpm4:i386					install
libxrandr2:i386					install
libxrender1:i386				install
libxres1:i386					install
libxslt1.1:i386					install
libxss1:i386					install
libxt-dev:i386					install
libxt6:i386					install
libxtst6:i386					install
libxv1:i386					install
libxvidcore4:i386				install
libxvmc1					install
libxxf86dga1:i386				install
libxxf86vm1:i386				install
libyajl2					install
libyaml-0-2:i386				install
libzvbi-common					install
libzvbi0:i386					install
lightdm						install
lightdm-gtk-greeter				install
linux-base					install
linux-image-3.2.0-4-686-pae			install
linux-image-686-pae				install
linux-libc-dev:i386				install
lmodern						install
locales						install
login						install
logrotate					install
lonesurvivor					install
lp-solve					install
lsb-base					install
lsb-release					install
lsof						install
luatex						install
lxappearance					install
lxde						install
lxde-common					install
lxde-core					install
lxde-icon-theme					install
lxinput						install
lxlauncher					install
lxmenu-data					install
lxmusic						install
lxpanel						install
lxpolkit					install
lxrandr						install
lxsession					install
lxsession-edit					install
lxshortcut					install
lxtask						install
lxterminal					install
m4						install
make						install
man-db						install
manpages					install
manpages-dev					install
mawk						install
menu						install
menu-xdg					install
mime-support					install
mksh						install
mlocate						install
module-init-tools				install
moon-buggy					install
mount						install
mozilla-acroread				install
mp3blaster					install
multiarch-support				install
mutt						install
myspell-fr					install
mysql-common					install
mythes-en-us					install
nano						install
ncurses-base					install
ncurses-bin					install
ncurses-term					install
net-tools					install
netbase						install
netcat-traditional				install
network-manager					install
network-manager-gnome				install
nfs-common					install
ninvaders					install
ntrack-module-libnl-0				install
obconf						install
odbcinst					install
odbcinst1debian2:i386				install
oneko						install
openbox						install
openbox-themes					install
openjdk-6-jre:i386				install
openjdk-6-jre-headless:i386			install
openjdk-6-jre-lib				install
openjdk-7-jdk:i386				install
openjdk-7-jre:i386				install
openjdk-7-jre-headless:i386			install
openssh-blacklist				install
openssh-blacklist-extra				install
openssh-client					install
openssl						install
os-prober					install
oss-compat					install
oxygen-icon-theme				install
p7zip						install
p7zip-full					install
pacman4console					install
passwd						install
patch						install
pciutils					install
pcmanfm						install
pcmciautils					install
perl						install
perl-base					install
perl-modules					install
pgf						install
phonon:i386					install
phonon-backend-vlc				install
pinentry-gtk2					install
pkg-mozilla-archive-keyring			install
plasma-scriptengine-javascript			install
pm-utils					install
policykit-1					install
policykit-1-gnome				install
poppler-data					install
poppler-utils					install
powermgmt-base					install
ppp						install
procmail					install
procps						install
prosper						install
ps2eps						install
psmisc						install
putty						install
putty-tools					install
python						install
python-apt					install
python-apt-common				install
python-cairo					install
python-chardet					install
python-cups					install
python-cupshelpers				install
python-dbus					install
python-dbus-dev					install
python-debian					install
python-debianbts				install
python-fpconst					install
python-gconf					install
python-gi					install
python-glade2					install
python-gnome2					install
python-gnupginterface				install
python-gobject-2				install
python-gtk2					install
python-libxml2					install
python-minimal					install
python-notify					install
python-numpy					install
python-pycurl					install
python-pyorbit					install
python-reportbug				install
python-soappy					install
python-software-properties			install
python-support					install
python-urwid					install
python2.6					install
python2.6-minimal				install
python2.7					install
python2.7-minimal				install
qdbus						install
ranger						install
readline-common					install
reportbug					install
robotfindskitten				install
rpcbind						install
rpm						install
rpm-common					install
rpm2cpio					install
rsync						install
rsyslog						install
ruby						install
ruby1.9.1					install
rxvt-unicode					install
samba-common					install
samba-common-bin				install
scribble					install
sed						install
sensible-utils					install
sgml-base					install
sgml-data					install
shared-desktop-ontologies			install
shared-mime-info				install
sl						install
smbclient					install
snake4						install
software-properties-common			install
soprano-daemon					install
steam-launcher					deinstall
suckless-tools					install
sudo						install
synaptic					install
system-config-printer				install
sysv-rc						install
sysvinit					install
sysvinit-utils					install
tar						install
task-desktop					install
task-lxde-desktop				install
tasksel						install
tasksel-data					install
tcl8.4						install
tcpd						install
telnet						install
tex-common					install
tex-gyre					install
texinfo						install
texlive						install
texlive-base					install
texlive-binaries				install
texlive-common					install
texlive-doc-base				install
texlive-extra-utils				install
texlive-font-utils				install
texlive-fonts-recommended			install
texlive-fonts-recommended-doc			install
texlive-generic-recommended			install
texlive-latex-base				install
texlive-latex-base-doc				install
texlive-latex-recommended			install
texlive-latex-recommended-doc			install
texlive-luatex					install
texlive-pstricks				install
texlive-pstricks-doc				install
time						install
tipa						install
tk8.4						install
toilet						install
toilet-fonts					install
traceroute					install
tsconf						install
ttf-dejavu					install
ttf-dejavu-core					install
ttf-dejavu-extra				install
ttf-marvosym					install
ttf-sil-gentium-basic				install
tzdata						install
tzdata-java					install
ucf						install
udev						install
udisks						install
unattended-upgrades				install
uno-libs3					install
unrar						install
unrar-free					install
unzip						install
update-inetd					install
upower						install
ure						install
usbmuxd						install
usbutils					install
util-linux					install
vim						install
vim-common					install
vim-runtime					install
vim-tiny					install
virtuoso-minimal				install
virtuoso-opensource-6.1-bin			install
virtuoso-opensource-6.1-common			install
vlc						install
vlc-data					install
vlc-nox						install
vlc-plugin-notify				install
vlc-plugin-pulse				install
w3m						install
wamerican					install
wget						install
whiptail					install
whois						install
wicd-curses					deinstall
wicd-daemon					deinstall
wicd-gtk					deinstall
winbind						install
wireless-tools					install
wpasupplicant					install
x11-apps					install
x11-common					install
x11-session-utils				install
x11-utils					install
x11-xfs-utils					install
x11-xkb-utils					install
x11-xserver-utils				install
x11proto-core-dev				install
x11proto-input-dev				install
x11proto-kb-dev					install
xarchiver					install
xauth						install
xbitmaps					install
xdg-utils					install
xfonts-100dpi					install
xfonts-75dpi					install
xfonts-base					install
xfonts-encodings				install
xfonts-scalable					install
xfonts-utils					install
xinit						install
xkb-data					install
xml-core					install
xmms2-core					install
xorg						install
xorg-docs-core					install
xorg-sgml-doctools				install
xpdf						install
xsane						install
xsane-common					install
xscreensaver					install
xscreensaver-data				install
xserver-common					install
xserver-xorg					install
xserver-xorg-core				install
xserver-xorg-input-all				install
xserver-xorg-input-evdev			install
xserver-xorg-input-mouse			install
xserver-xorg-input-synaptics			install
xserver-xorg-input-vmmouse			install
xserver-xorg-input-wacom			install
xserver-xorg-video-all				install
xserver-xorg-video-apm				install
xserver-xorg-video-ark				install
xserver-xorg-video-ati				install
xserver-xorg-video-chips			install
xserver-xorg-video-cirrus			install
xserver-xorg-video-fbdev			install
xserver-xorg-video-geode			install
xserver-xorg-video-i128				install
xserver-xorg-video-i740				install
xserver-xorg-video-intel			install
xserver-xorg-video-mach64			install
xserver-xorg-video-mga				install
xserver-xorg-video-neomagic			install
xserver-xorg-video-nouveau			install
xserver-xorg-video-openchrome			install
xserver-xorg-video-r128				install
xserver-xorg-video-radeon			install
xserver-xorg-video-rendition			install
xserver-xorg-video-s3				install
xserver-xorg-video-s3virge			install
xserver-xorg-video-savage			install
xserver-xorg-video-siliconmotion		install
xserver-xorg-video-sis				install
xserver-xorg-video-sisusb			install
xserver-xorg-video-tdfx				install
xserver-xorg-video-trident			install
xserver-xorg-video-tseng			install
xserver-xorg-video-vesa				install
xserver-xorg-video-vmware			install
xserver-xorg-video-voodoo			install
xterm						install
xtrans-dev					install
xz-utils					install
zangband					install
zangband-data					install
zip						install
zlib1g:i386					install
